{
  "stats": {
    "suites": 1,
    "tests": 1,
    "passes": 1,
    "pending": 0,
    "failures": 0,
    "start": "2020-12-13T23:42:53.775Z",
    "end": "2020-12-13T23:43:07.337Z",
    "duration": 13562,
    "testsRegistered": 1,
    "passPercent": 100,
    "pendingPercent": 0,
    "other": 0,
    "hasOther": false,
    "skipped": 0,
    "hasSkipped": false
  },
  "results": [
    {
      "uuid": "8311a57f-03bb-4108-bfc5-b4f114a3a8f9",
      "title": "",
      "fullFile": "cypress/integration/compra.spec.js",
      "file": "cypress/integration/compra.spec.js",
      "beforeHooks": [],
      "afterHooks": [],
      "tests": [],
      "suites": [
        {
          "uuid": "a33a19cc-1c33-4467-8dc7-f1c20e35ff2c",
          "title": "",
          "fullFile": "",
          "file": "",
          "beforeHooks": [],
          "afterHooks": [],
          "tests": [
            {
              "title": "Efetuar uma compra de produto",
              "fullTitle": " Efetuar uma compra de produto",
              "timedOut": null,
              "duration": 13475,
              "state": "passed",
              "speed": "slow",
              "pass": true,
              "fail": false,
              "pending": false,
              "context": null,
              "code": "cy.backgroundLogin(); // http://automationpractice.com/index.php\ncy.visit(\"/\");\nvar nomeProduto = \"Faded Short Sleeve T-shirts\";\ncy.contains(nomeProduto).trigger(\"mouseover\");\ncy.contains(nomeProduto).parent().siblings(\"div.button-container\").children(\"a\").first().click(); //Validando se o produto foi adicionado ao carrinho com sucesso\ncy.get(\".icon-ok\").parent().should(\"contain.text\", \"Product successfully added to your shopping cart\");\ncy.get(\"span#layer_cart_product_title\").should(\"contain.text\", nomeProduto);\ncy.get(\".button-container a[href$='controller=order']\").click();\ncy.get(\".cart_navigation a[href$='order&step=1']\").click(); // cy.get(\"#email\").type(\"rogerioopaiva36@gmail.com\");\n// cy.get(\"#passwd\").type(\"senha123\");\n// cy.get(\"button#SubmitLogin\").click();\n//validando se o endereco de entrega é igual o de cobrança\ncy.get('[type=checkbox]#addressesAreEquals').should('have.attr', 'checked', 'checked');\ncy.get('[type=checkbox]#addressesAreEquals').should('have.attr', 'name', 'same');\ncy.pause();\ncy.get(\"button[name=processAddress]\").click();\ncy.get(\"[type=checkbox]#cgv\").check();\ncy.get(\"button[name=processCarrier]\").click();\ncy.get(\".bankwire\").click();\ncy.get(\".cart_navigation button[type=submit]\").find(\"span\").contains(\"I confirm my order\").click();\ncy.get(\".cheque-indent strong\").should(\"contain.text\", \"Your order on My Store is complete.\");\ncy.get('div.box').invoke('text').then(function (text) {\n  cy.writeFile('cypress/fixtures/pedido.json', {\n    id: \"\".concat(text.match(/[A-Z][A-Z]+/g)[1])\n  });\n});\ncy.get(\".cart_navigation a[href$='history']\").click();\ncy.readFile('cypress/fixtures/pedido.json').then(function (pedido) {\n  cy.get('tr.first_item .history_link a').should('contain.text', pedido.id);\n});",
              "err": {},
              "uuid": "f6996da4-966c-4970-9d3b-5b74d138bd1c",
              "parentUUID": "a33a19cc-1c33-4467-8dc7-f1c20e35ff2c",
              "isHook": false,
              "skipped": false
            }
          ],
          "suites": [],
          "passes": [
            "f6996da4-966c-4970-9d3b-5b74d138bd1c"
          ],
          "failures": [],
          "pending": [],
          "skipped": [],
          "duration": 13475,
          "root": false,
          "rootEmpty": false,
          "_timeout": 2000
        }
      ],
      "passes": [],
      "failures": [],
      "pending": [],
      "skipped": [],
      "duration": 0,
      "root": true,
      "rootEmpty": true,
      "_timeout": 2000
    }
  ],
  "meta": {
    "mocha": {
      "version": "7.0.1"
    },
    "mochawesome": {
      "options": {
        "quiet": true,
        "reportFilename": "mochawesome",
        "saveHtml": false,
        "saveJson": true,
        "consoleReporter": "spec",
        "useInlineDiffs": false,
        "code": true
      },
      "version": "6.2.1"
    },
    "marge": {
      "options": {
        "id": "default",
        "reportDir": "mochawesome-report",
        "quiet": true,
        "overwrite": false,
        "html": false,
        "json": true
      },
      "version": "5.1.0"
    }
  }
}